<?xml version="1.0" encoding="UTF-8"?>
<testsuite name="org.apache.tika.mime.TestMimeTypes" time="1.709" tests="63" errors="0" skipped="0" failures="0">
  <properties>
[...]
</properties>
  <testcase name="testGetMimeType_byteArray" classname="org.apache.tika.mime.TestMimeTypes" time="0.019"/>
  <testcase name="testFontDetection" classname="org.apache.tika.mime.TestMimeTypes" time="0.03"/>
  <testcase name="testKMLZDetection" classname="org.apache.tika.mime.TestMimeTypes" time="0.033"/>
  <testcase name="testWmfDetection" classname="org.apache.tika.mime.TestMimeTypes" time="0.035"/>
  <testcase name="testprtDetection" classname="org.apache.tika.mime.TestMimeTypes" time="0.03"/>
  <testcase name="testPnmDetection" classname="org.apache.tika.mime.TestMimeTypes" time="0.068"/>
  <testcase name="testJpegDetection" classname="org.apache.tika.mime.TestMimeTypes" time="0.024"/>
  <testcase name="testBpgDetection" classname="org.apache.tika.mime.TestMimeTypes" time="0.031"/>
  <testcase name="testSvgDetection" classname="org.apache.tika.mime.TestMimeTypes" time="0.03"/>
  <testcase name="testLoadMimeTypes" classname="org.apache.tika.mime.TestMimeTypes" time="0.013"/>
  <testcase name="testAMR" classname="org.apache.tika.mime.TestMimeTypes" time="0.024"/>
  <testcase name="testMIF" classname="org.apache.tika.mime.TestMimeTypes" time="0.025"/>
  <testcase name="testGuessMimeTypes" classname="org.apache.tika.mime.TestMimeTypes" time="0.011"/>
  <testcase name="testRawDetection" classname="org.apache.tika.mime.TestMimeTypes" time="0.014"/>
  <testcase name="testArchiveDetection" classname="org.apache.tika.mime.TestMimeTypes" time="0.055"/>
  <testcase name="testDITADetection" classname="org.apache.tika.mime.TestMimeTypes" time="0.037"/>
  <testcase name="testEmail" classname="org.apache.tika.mime.TestMimeTypes" time="0.041"/>
  <testcase name="testCBOR" classname="org.apache.tika.mime.TestMimeTypes" time="0.022"/>
  <testcase name="testZLIB" classname="org.apache.tika.mime.TestMimeTypes" time="0.015"/>
  <testcase name="testPsDetection" classname="org.apache.tika.mime.TestMimeTypes" time="0.011"/>
  <testcase name="testAxCrypt" classname="org.apache.tika.mime.TestMimeTypes" time="0.01"/>
  <testcase name="testFeedsDetection" classname="org.apache.tika.mime.TestMimeTypes" time="0.051"/>
  <testcase name="testGifDetection" classname="org.apache.tika.mime.TestMimeTypes" time="0.012"/>
  <testcase name="testAutoCADDetection" classname="org.apache.tika.mime.TestMimeTypes" time="0.039"/>
  <testcase name="testWebMDetection" classname="org.apache.tika.mime.TestMimeTypes" time="0.015"/>
  <testcase name="testFitsDetection" classname="org.apache.tika.mime.TestMimeTypes" time="0.014"/>
  <testcase name="testXmlAndHtmlDetection" classname="org.apache.tika.mime.TestMimeTypes" time="0.034"/>
  <testcase name="testPKCSSignatures" classname="org.apache.tika.mime.TestMimeTypes" time="0.028"/>
  <testcase name="testPngDetection" classname="org.apache.tika.mime.TestMimeTypes" time="0.017"/>
  <testcase name="testMicrosoftMultiMediaDetection" classname="org.apache.tika.mime.TestMimeTypes" time="0.061"/>
  <testcase name="testBerkeleyDB" classname="org.apache.tika.mime.TestMimeTypes" time="0.016"/>
  <testcase name="testJavaRegex" classname="org.apache.tika.mime.TestMimeTypes" time="0.012"/>
  <testcase name="testStarOfficeDetection" classname="org.apache.tika.mime.TestMimeTypes" time="0.032"/>
  <testcase name="testCaseSensitivity" classname="org.apache.tika.mime.TestMimeTypes" time="0.018"/>
  <testcase name="testIcnsDetection" classname="org.apache.tika.mime.TestMimeTypes" time="0.028"/>
  <testcase name="testOLE2Detection" classname="org.apache.tika.mime.TestMimeTypes" time="0.017"/>
  <testcase name="testVisioDetection" classname="org.apache.tika.mime.TestMimeTypes" time="0.017"/>
  <testcase name="testPdfDetection" classname="org.apache.tika.mime.TestMimeTypes" time="0.058"/>
  <testcase name="testWEBPDetection" classname="org.apache.tika.mime.TestMimeTypes" time="0.019"/>
  <testcase name="testOoxmlDetection" classname="org.apache.tika.mime.TestMimeTypes" time="0.034"/>
  <testcase name="testOldWorksWordProcessorDetection" classname="org.apache.tika.mime.TestMimeTypes" time="0.012"/>
  <testcase name="testCgmDetection" classname="org.apache.tika.mime.TestMimeTypes" time="0.009"/>
  <testcase name="test7ZipDetection" classname="org.apache.tika.mime.TestMimeTypes" time="0.023"/>
  <testcase name="testIWorkDetection" classname="org.apache.tika.mime.TestMimeTypes" time="0.011"/>
  <testcase name="testOldExcel" classname="org.apache.tika.mime.TestMimeTypes" time="0.026"/>
  <testcase name="testTextBasedFormatsDetection" classname="org.apache.tika.mime.TestMimeTypes" time="0.053"/>
  <testcase name="testPictDetection" classname="org.apache.tika.mime.TestMimeTypes" time="0.027"/>
  <testcase name="testWindowsEXE" classname="org.apache.tika.mime.TestMimeTypes" time="0.037"/>
  <testcase name="testSwfDetection" classname="org.apache.tika.mime.TestMimeTypes" time="0.013"/>
  <testcase name="testCreativeSuite" classname="org.apache.tika.mime.TestMimeTypes" time="0.045"/>
  <testcase name="testMatroskaDetection" classname="org.apache.tika.mime.TestMimeTypes" time="0.024"/>
  <testcase name="testHFATypes" classname="org.apache.tika.mime.TestMimeTypes" time="0.018"/>
  <testcase name="testWorksSpreadsheetDetection" classname="org.apache.tika.mime.TestMimeTypes" time="0.011"/>
  <testcase name="testJavaDetection" classname="org.apache.tika.mime.TestMimeTypes" time="0.012"/>
  <testcase name="testWebArchiveDetection" classname="org.apache.tika.mime.TestMimeTypes" time="0.028"/>
  <testcase name="testTiffDetection" classname="org.apache.tika.mime.TestMimeTypes" time="0.015"/>
  <testcase name="testNetCDF" classname="org.apache.tika.mime.TestMimeTypes" time="0.025"/>
  <testcase name="testRdfXmlDetection" classname="org.apache.tika.mime.TestMimeTypes" time="0.011"/>
  <testcase name="testMimeDeterminationForTestDocuments" classname="org.apache.tika.mime.TestMimeTypes" time="0.093"/>
  <testcase name="testWebVTT" classname="org.apache.tika.mime.TestMimeTypes" time="0.02"/>
  <testcase name="testCodeFormats" classname="org.apache.tika.mime.TestMimeTypes" time="0.066"/>
  <testcase name="testBmpDetection" classname="org.apache.tika.mime.TestMimeTypes" time="0.016"/>
  <testcase name="testTextFormats" classname="org.apache.tika.mime.TestMimeTypes" time="0.014"/>
</testsuite>