<?xml version="1.0" encoding="UTF-8"?>
<testsuite name="org.apache.tika.parser.rtf.RTFParserTest" time="4.608" tests="33" errors="0" skipped="0" failures="0">
  <properties>
[...]
</properties>
  <testcase name="testWordPadCzechCharactersExtraction" classname="org.apache.tika.parser.rtf.RTFParserTest" time="0.031"/>
  <testcase name="testMetaDataCounts" classname="org.apache.tika.parser.rtf.RTFParserTest" time="0.1"/>
  <testcase name="testInvalidUnicode" classname="org.apache.tika.parser.rtf.RTFParserTest" time="0.019"/>
  <testcase name="testEmbeddedLinkedDocument" classname="org.apache.tika.parser.rtf.RTFParserTest" time="0.128"/>
  <testcase name="testListMicrosoftWord" classname="org.apache.tika.parser.rtf.RTFParserTest" time="0.016"/>
  <testcase name="testListOverride" classname="org.apache.tika.parser.rtf.RTFParserTest" time="0.018"/>
  <testcase name="testBoldItalic" classname="org.apache.tika.parser.rtf.RTFParserTest" time="0.04"/>
  <testcase name="testTextWithCurlyBraces" classname="org.apache.tika.parser.rtf.RTFParserTest" time="0.004"/>
  <testcase name="testUmlautSpacesExtraction" classname="org.apache.tika.parser.rtf.RTFParserTest" time="0.003"/>
  <testcase name="testVariousStyle" classname="org.apache.tika.parser.rtf.RTFParserTest" time="0.024"/>
  <testcase name="testMS932Extraction" classname="org.apache.tika.parser.rtf.RTFParserTest" time="0.011"/>
  <testcase name="testWord2010CzechCharactersExtraction" classname="org.apache.tika.parser.rtf.RTFParserTest" time="0.044"/>
  <testcase name="testHexEscapeInsideWord" classname="org.apache.tika.parser.rtf.RTFParserTest" time="0.023"/>
  <testcase name="testUmlautSpacesExtraction2" classname="org.apache.tika.parser.rtf.RTFParserTest" time="0.001"/>
  <testcase name="testVarious" classname="org.apache.tika.parser.rtf.RTFParserTest" time="0.005"/>
  <testcase name="testMaxLength" classname="org.apache.tika.parser.rtf.RTFParserTest" time="0.026"/>
  <testcase name="testListLibreOffice" classname="org.apache.tika.parser.rtf.RTFParserTest" time="0.016"/>
  <testcase name="testFontAfterBufferedText" classname="org.apache.tika.parser.rtf.RTFParserTest" time="0.029"/>
  <testcase name="testTableCellSeparation" classname="org.apache.tika.parser.rtf.RTFParserTest" time="0.015"/>
  <testcase name="testControls" classname="org.apache.tika.parser.rtf.RTFParserTest" time="0.024"/>
  <testcase name="testCorruptListOverride" classname="org.apache.tika.parser.rtf.RTFParserTest" time="0.002"/>
  <testcase name="testJapaneseText" classname="org.apache.tika.parser.rtf.RTFParserTest" time="0.004"/>
  <testcase name="testUnicodeUCNControlWordCharacterDoublingExtraction" classname="org.apache.tika.parser.rtf.RTFParserTest" time="0.014"/>
  <testcase name="testRegularImages" classname="org.apache.tika.parser.rtf.RTFParserTest" time="0.136"/>
  <testcase name="testIgnoredControlWord" classname="org.apache.tika.parser.rtf.RTFParserTest" time="0.027"/>
  <testcase name="testEmbeddedMonster" classname="org.apache.tika.parser.rtf.RTFParserTest" time="3.561"/>
  <testcase name="testBinControlWord" classname="org.apache.tika.parser.rtf.RTFParserTest" time="0.078"/>
  <testcase name="testGothic" classname="org.apache.tika.parser.rtf.RTFParserTest" time="0.037"/>
  <testcase name="testHyperlink" classname="org.apache.tika.parser.rtf.RTFParserTest" time="0.097"/>
  <testcase name="testWindowsCodepage1250" classname="org.apache.tika.parser.rtf.RTFParserTest" time="0.01"/>
  <testcase name="testTableCellSeparation2" classname="org.apache.tika.parser.rtf.RTFParserTest" time="0.001"/>
  <testcase name="testMultipleNewlines" classname="org.apache.tika.parser.rtf.RTFParserTest" time="0.034"/>
  <testcase name="testBasicExtraction" classname="org.apache.tika.parser.rtf.RTFParserTest" time="0.03"/>
</testsuite>